{"/Users/redcartel/code/JavaScriptProject/node-express-starter-2022/src/controllers/csrf/getCSRF.js": {"path":"/Users/redcartel/code/JavaScriptProject/node-express-starter-2022/src/controllers/csrf/getCSRF.js","statementMap":{"0":{"start":{"line":6,"column":16},"end":{"line":9,"column":1}},"1":{"start":{"line":7,"column":4},"end":{"line":7,"column":45}},"2":{"start":{"line":8,"column":4},"end":{"line":8,"column":35}}},"fnMap":{"0":{"name":"(anonymous_0)","decl":{"start":{"line":6,"column":16},"end":{"line":6,"column":17}},"loc":{"start":{"line":6,"column":30},"end":{"line":9,"column":1}},"line":6}},"branchMap":{},"s":{"0":5,"1":13,"2":13},"f":{"0":13},"b":{},"_coverageSchema":"1a1c01bbd47fc00a2c39e90264f33305004495a9","hash":"a097254c26e1285b978b38b8ef102a87090746dc"}
,"/Users/redcartel/code/JavaScriptProject/node-express-starter-2022/src/controllers/errors/getError.js": {"path":"/Users/redcartel/code/JavaScriptProject/node-express-starter-2022/src/controllers/errors/getError.js","statementMap":{"0":{"start":{"line":8,"column":17},"end":{"line":11,"column":1}},"1":{"start":{"line":9,"column":4},"end":{"line":9,"column":45}},"2":{"start":{"line":10,"column":4},"end":{"line":10,"column":33}}},"fnMap":{"0":{"name":"(anonymous_0)","decl":{"start":{"line":8,"column":17},"end":{"line":8,"column":18}},"loc":{"start":{"line":8,"column":23},"end":{"line":11,"column":1}},"line":8}},"branchMap":{},"s":{"0":5,"1":1,"2":1},"f":{"0":1},"b":{},"_coverageSchema":"1a1c01bbd47fc00a2c39e90264f33305004495a9","hash":"0ce56d476323bd3f5c9681c8733a56edc4427e44"}
,"/Users/redcartel/code/JavaScriptProject/node-express-starter-2022/src/controllers/errors/getRejection.js": {"path":"/Users/redcartel/code/JavaScriptProject/node-express-starter-2022/src/controllers/errors/getRejection.js","statementMap":{"0":{"start":{"line":8,"column":21},"end":{"line":13,"column":1}},"1":{"start":{"line":9,"column":4},"end":{"line":9,"column":48}},"2":{"start":{"line":10,"column":4},"end":{"line":12,"column":6}},"3":{"start":{"line":11,"column":8},"end":{"line":11,"column":17}}},"fnMap":{"0":{"name":"(anonymous_0)","decl":{"start":{"line":8,"column":21},"end":{"line":8,"column":22}},"loc":{"start":{"line":8,"column":33},"end":{"line":13,"column":1}},"line":8},"1":{"name":"(anonymous_1)","decl":{"start":{"line":10,"column":22},"end":{"line":10,"column":23}},"loc":{"start":{"line":10,"column":43},"end":{"line":12,"column":5}},"line":10}},"branchMap":{},"s":{"0":5,"1":1,"2":1,"3":1},"f":{"0":1,"1":1},"b":{},"_coverageSchema":"1a1c01bbd47fc00a2c39e90264f33305004495a9","hash":"57506e3ebac86119b650895c88efc50bf39a87c0"}
,"/Users/redcartel/code/JavaScriptProject/node-express-starter-2022/src/controllers/root/getRoot.js": {"path":"/Users/redcartel/code/JavaScriptProject/node-express-starter-2022/src/controllers/root/getRoot.js","statementMap":{"0":{"start":{"line":8,"column":16},"end":{"line":14,"column":1}},"1":{"start":{"line":9,"column":4},"end":{"line":13,"column":7}}},"fnMap":{"0":{"name":"(anonymous_0)","decl":{"start":{"line":8,"column":16},"end":{"line":8,"column":17}},"loc":{"start":{"line":8,"column":31},"end":{"line":14,"column":1}},"line":8}},"branchMap":{},"s":{"0":5,"1":1},"f":{"0":1},"b":{},"_coverageSchema":"1a1c01bbd47fc00a2c39e90264f33305004495a9","hash":"fe39058ae7dba13cb92db54cc7611fca99279013"}
,"/Users/redcartel/code/JavaScriptProject/node-express-starter-2022/src/controllers/root/postRoot.js": {"path":"/Users/redcartel/code/JavaScriptProject/node-express-starter-2022/src/controllers/root/postRoot.js","statementMap":{"0":{"start":{"line":6,"column":17},"end":{"line":9,"column":1}},"1":{"start":{"line":7,"column":17},"end":{"line":7,"column":25}},"2":{"start":{"line":8,"column":4},"end":{"line":8,"column":18}}},"fnMap":{"0":{"name":"(anonymous_0)","decl":{"start":{"line":6,"column":17},"end":{"line":6,"column":18}},"loc":{"start":{"line":6,"column":31},"end":{"line":9,"column":1}},"line":6}},"branchMap":{},"s":{"0":5,"1":1,"2":1},"f":{"0":1},"b":{},"_coverageSchema":"1a1c01bbd47fc00a2c39e90264f33305004495a9","hash":"2b459acaef8b8425b00d07df96cb6e276d7779f1"}
,"/Users/redcartel/code/JavaScriptProject/node-express-starter-2022/src/controllers/siteData/getCount.js": {"path":"/Users/redcartel/code/JavaScriptProject/node-express-starter-2022/src/controllers/siteData/getCount.js","statementMap":{"0":{"start":{"line":8,"column":17},"end":{"line":10,"column":1}},"1":{"start":{"line":9,"column":4},"end":{"line":9,"column":55}}},"fnMap":{"0":{"name":"(anonymous_0)","decl":{"start":{"line":8,"column":17},"end":{"line":8,"column":18}},"loc":{"start":{"line":8,"column":38},"end":{"line":10,"column":1}},"line":8}},"branchMap":{},"s":{"0":5,"1":1},"f":{"0":1},"b":{},"_coverageSchema":"1a1c01bbd47fc00a2c39e90264f33305004495a9","hash":"19f6f29e07f8a543aef722ee66bcd9254942af4a"}
,"/Users/redcartel/code/JavaScriptProject/node-express-starter-2022/src/controllers/siteData/getSiteData.js": {"path":"/Users/redcartel/code/JavaScriptProject/node-express-starter-2022/src/controllers/siteData/getSiteData.js","statementMap":{"0":{"start":{"line":8,"column":21},"end":{"line":10,"column":1}},"1":{"start":{"line":9,"column":4},"end":{"line":9,"column":40}}},"fnMap":{"0":{"name":"(anonymous_0)","decl":{"start":{"line":8,"column":21},"end":{"line":8,"column":22}},"loc":{"start":{"line":8,"column":41},"end":{"line":10,"column":1}},"line":8}},"branchMap":{},"s":{"0":5,"1":1},"f":{"0":1},"b":{},"_coverageSchema":"1a1c01bbd47fc00a2c39e90264f33305004495a9","hash":"220f2afcf285bb79fbec4d11d5b436de23c5b951"}
,"/Users/redcartel/code/JavaScriptProject/node-express-starter-2022/src/controllers/siteData/postCount.js": {"path":"/Users/redcartel/code/JavaScriptProject/node-express-starter-2022/src/controllers/siteData/postCount.js","statementMap":{"0":{"start":{"line":8,"column":18},"end":{"line":15,"column":1}},"1":{"start":{"line":9,"column":20},"end":{"line":9,"column":28}},"2":{"start":{"line":10,"column":4},"end":{"line":12,"column":5}},"3":{"start":{"line":11,"column":8},"end":{"line":11,"column":69}},"4":{"start":{"line":13,"column":4},"end":{"line":13,"column":35}},"5":{"start":{"line":14,"column":4},"end":{"line":14,"column":55}}},"fnMap":{"0":{"name":"(anonymous_0)","decl":{"start":{"line":8,"column":18},"end":{"line":8,"column":19}},"loc":{"start":{"line":8,"column":38},"end":{"line":15,"column":1}},"line":8}},"branchMap":{"0":{"loc":{"start":{"line":10,"column":4},"end":{"line":12,"column":5}},"type":"if","locations":[{"start":{"line":10,"column":4},"end":{"line":12,"column":5}},{"start":{},"end":{}}],"line":10}},"s":{"0":5,"1":2,"2":2,"3":1,"4":1,"5":1},"f":{"0":2},"b":{"0":[1,1]},"_coverageSchema":"1a1c01bbd47fc00a2c39e90264f33305004495a9","hash":"6c56e30ce324fd5d627873e2b929809323c3e072"}
,"/Users/redcartel/code/JavaScriptProject/node-express-starter-2022/src/controllers/siteData/postSiteData.js": {"path":"/Users/redcartel/code/JavaScriptProject/node-express-starter-2022/src/controllers/siteData/postSiteData.js","statementMap":{"0":{"start":{"line":9,"column":21},"end":{"line":16,"column":1}},"1":{"start":{"line":10,"column":35},"end":{"line":13,"column":6}},"2":{"start":{"line":14,"column":4},"end":{"line":14,"column":45}},"3":{"start":{"line":15,"column":4},"end":{"line":15,"column":40}}},"fnMap":{"0":{"name":"(anonymous_0)","decl":{"start":{"line":9,"column":21},"end":{"line":9,"column":22}},"loc":{"start":{"line":9,"column":41},"end":{"line":16,"column":1}},"line":9}},"branchMap":{},"s":{"0":5,"1":3,"2":3,"3":3},"f":{"0":3},"b":{},"_coverageSchema":"1a1c01bbd47fc00a2c39e90264f33305004495a9","hash":"f742e1942c3710a7054efd455e103e9b2e41cb27"}
,"/Users/redcartel/code/JavaScriptProject/node-express-starter-2022/src/controllers/user/getLogout.js": {"path":"/Users/redcartel/code/JavaScriptProject/node-express-starter-2022/src/controllers/user/getLogout.js","statementMap":{"0":{"start":{"line":8,"column":18},"end":{"line":14,"column":1}},"1":{"start":{"line":9,"column":4},"end":{"line":12,"column":6}},"2":{"start":{"line":13,"column":4},"end":{"line":13,"column":30}}},"fnMap":{"0":{"name":"(anonymous_0)","decl":{"start":{"line":8,"column":18},"end":{"line":8,"column":19}},"loc":{"start":{"line":8,"column":32},"end":{"line":14,"column":1}},"line":8}},"branchMap":{},"s":{"0":5,"1":1,"2":1},"f":{"0":1},"b":{},"_coverageSchema":"1a1c01bbd47fc00a2c39e90264f33305004495a9","hash":"d6d169da5a1389a2255c672fd722f5aec6227814"}
,"/Users/redcartel/code/JavaScriptProject/node-express-starter-2022/src/controllers/user/getUser.js": {"path":"/Users/redcartel/code/JavaScriptProject/node-express-starter-2022/src/controllers/user/getUser.js","statementMap":{"0":{"start":{"line":6,"column":16},"end":{"line":8,"column":1}},"1":{"start":{"line":7,"column":4},"end":{"line":7,"column":30}}},"fnMap":{"0":{"name":"(anonymous_0)","decl":{"start":{"line":6,"column":16},"end":{"line":6,"column":17}},"loc":{"start":{"line":6,"column":30},"end":{"line":8,"column":1}},"line":6}},"branchMap":{},"s":{"0":5,"1":2},"f":{"0":2},"b":{},"_coverageSchema":"1a1c01bbd47fc00a2c39e90264f33305004495a9","hash":"aa72d2e411af2b887528e41abf56cdefea1fc084"}
,"/Users/redcartel/code/JavaScriptProject/node-express-starter-2022/src/controllers/user/postUser.js": {"path":"/Users/redcartel/code/JavaScriptProject/node-express-starter-2022/src/controllers/user/postUser.js","statementMap":{"0":{"start":{"line":10,"column":17},"end":{"line":35,"column":1}},"1":{"start":{"line":11,"column":32},"end":{"line":14,"column":6}},"2":{"start":{"line":16,"column":4},"end":{"line":18,"column":5}},"3":{"start":{"line":17,"column":8},"end":{"line":17,"column":61}},"4":{"start":{"line":20,"column":4},"end":{"line":34,"column":5}},"5":{"start":{"line":21,"column":8},"end":{"line":24,"column":10}},"6":{"start":{"line":25,"column":8},"end":{"line":25,"column":90}},"7":{"start":{"line":28,"column":8},"end":{"line":32,"column":10}},"8":{"start":{"line":33,"column":8},"end":{"line":33,"column":117}}},"fnMap":{"0":{"name":"(anonymous_0)","decl":{"start":{"line":10,"column":17},"end":{"line":10,"column":18}},"loc":{"start":{"line":10,"column":31},"end":{"line":35,"column":1}},"line":10}},"branchMap":{"0":{"loc":{"start":{"line":16,"column":4},"end":{"line":18,"column":5}},"type":"if","locations":[{"start":{"line":16,"column":4},"end":{"line":18,"column":5}},{"start":{},"end":{}}],"line":16},"1":{"loc":{"start":{"line":16,"column":8},"end":{"line":16,"column":27}},"type":"binary-expr","locations":[{"start":{"line":16,"column":8},"end":{"line":16,"column":14}},{"start":{"line":16,"column":18},"end":{"line":16,"column":27}}],"line":16},"2":{"loc":{"start":{"line":20,"column":4},"end":{"line":34,"column":5}},"type":"if","locations":[{"start":{"line":20,"column":4},"end":{"line":34,"column":5}},{"start":{"line":27,"column":9},"end":{"line":34,"column":5}}],"line":20},"3":{"loc":{"start":{"line":20,"column":8},"end":{"line":20,"column":125}},"type":"binary-expr","locations":[{"start":{"line":20,"column":8},"end":{"line":20,"column":29}},{"start":{"line":20,"column":33},"end":{"line":20,"column":63}},{"start":{"line":20,"column":67},"end":{"line":20,"column":88}},{"start":{"line":20,"column":92},"end":{"line":20,"column":125}}],"line":20}},"s":{"0":5,"1":4,"2":4,"3":1,"4":3,"5":2,"6":2,"7":1,"8":1},"f":{"0":4},"b":{"0":[1,3],"1":[4,4],"2":[2,1],"3":[3,3,2,2]},"_coverageSchema":"1a1c01bbd47fc00a2c39e90264f33305004495a9","hash":"ff8c0cc8692ae7696c6fa2557696c5ba2a40cc60"}
,"/Users/redcartel/code/JavaScriptProject/node-express-starter-2022/src/middleware/withAuth.js": {"path":"/Users/redcartel/code/JavaScriptProject/node-express-starter-2022/src/middleware/withAuth.js","statementMap":{"0":{"start":{"line":17,"column":17},"end":{"line":41,"column":1}},"1":{"start":{"line":18,"column":4},"end":{"line":40,"column":5}},"2":{"start":{"line":19,"column":22},"end":{"line":19,"column":47}},"3":{"start":{"line":20,"column":21},"end":{"line":22,"column":9}},"4":{"start":{"line":24,"column":8},"end":{"line":32,"column":9}},"5":{"start":{"line":30,"column":12},"end":{"line":30,"column":46}},"6":{"start":{"line":31,"column":12},"end":{"line":31,"column":44}},"7":{"start":{"line":34,"column":8},"end":{"line":36,"column":9}},"8":{"start":{"line":35,"column":12},"end":{"line":35,"column":68}},"9":{"start":{"line":38,"column":8},"end":{"line":38,"column":24}},"10":{"start":{"line":39,"column":8},"end":{"line":39,"column":15}}},"fnMap":{"0":{"name":"(anonymous_0)","decl":{"start":{"line":17,"column":17},"end":{"line":17,"column":18}},"loc":{"start":{"line":17,"column":31},"end":{"line":41,"column":1}},"line":17},"1":{"name":"(anonymous_1)","decl":{"start":{"line":18,"column":11},"end":{"line":18,"column":12}},"loc":{"start":{"line":18,"column":37},"end":{"line":40,"column":5}},"line":18}},"branchMap":{"0":{"loc":{"start":{"line":24,"column":8},"end":{"line":32,"column":9}},"type":"if","locations":[{"start":{"line":24,"column":8},"end":{"line":32,"column":9}},{"start":{},"end":{}}],"line":24},"1":{"loc":{"start":{"line":24,"column":12},"end":{"line":29,"column":72}},"type":"binary-expr","locations":[{"start":{"line":24,"column":12},"end":{"line":24,"column":23}},{"start":{"line":25,"column":12},"end":{"line":25,"column":34}},{"start":{"line":26,"column":12},"end":{"line":26,"column":56}},{"start":{"line":27,"column":12},"end":{"line":27,"column":17}},{"start":{"line":28,"column":13},"end":{"line":28,"column":65}},{"start":{"line":29,"column":16},"end":{"line":29,"column":71}}],"line":24},"2":{"loc":{"start":{"line":34,"column":8},"end":{"line":36,"column":9}},"type":"if","locations":[{"start":{"line":34,"column":8},"end":{"line":36,"column":9}},{"start":{},"end":{}}],"line":34},"3":{"loc":{"start":{"line":34,"column":12},"end":{"line":34,"column":35}},"type":"binary-expr","locations":[{"start":{"line":34,"column":12},"end":{"line":34,"column":20}},{"start":{"line":34,"column":24},"end":{"line":34,"column":35}}],"line":34}},"s":{"0":5,"1":10,"2":11,"3":11,"4":11,"5":6,"6":6,"7":11,"8":5,"9":6,"10":6},"f":{"0":10,"1":11},"b":{"0":[6,5],"1":[11,11,7,7,6,1],"2":[5,6],"3":[11,11]},"_coverageSchema":"1a1c01bbd47fc00a2c39e90264f33305004495a9","hash":"7f8a437d1e8c2e66157d6bfb80c749635d12b1a0"}
,"/Users/redcartel/code/JavaScriptProject/node-express-starter-2022/src/routes/data.js": {"path":"/Users/redcartel/code/JavaScriptProject/node-express-starter-2022/src/routes/data.js","statementMap":{"0":{"start":{"line":11,"column":13},"end":{"line":11,"column":29}},"1":{"start":{"line":13,"column":0},"end":{"line":13,"column":26}},"2":{"start":{"line":15,"column":0},"end":{"line":20,"column":17}},"3":{"start":{"line":22,"column":0},"end":{"line":22,"column":28}},"4":{"start":{"line":24,"column":0},"end":{"line":27,"column":14}}},"fnMap":{},"branchMap":{},"s":{"0":5,"1":5,"2":5,"3":5,"4":5},"f":{},"b":{},"_coverageSchema":"1a1c01bbd47fc00a2c39e90264f33305004495a9","hash":"bf09a0e94447f16cf40cdd6ed8b7470312c8e63a"}
,"/Users/redcartel/code/JavaScriptProject/node-express-starter-2022/src/routes/errors.js": {"path":"/Users/redcartel/code/JavaScriptProject/node-express-starter-2022/src/routes/errors.js","statementMap":{"0":{"start":{"line":6,"column":15},"end":{"line":6,"column":31}},"1":{"start":{"line":7,"column":0},"end":{"line":7,"column":26}},"2":{"start":{"line":8,"column":0},"end":{"line":8,"column":50}}},"fnMap":{},"branchMap":{},"s":{"0":5,"1":5,"2":5},"f":{},"b":{},"_coverageSchema":"1a1c01bbd47fc00a2c39e90264f33305004495a9","hash":"a4a9afd2b1ac3bf3c69b0c8723d0fe9417e91d9e"}
,"/Users/redcartel/code/JavaScriptProject/node-express-starter-2022/src/routes/primaryRouter.js": {"path":"/Users/redcartel/code/JavaScriptProject/node-express-starter-2022/src/routes/primaryRouter.js","statementMap":{"0":{"start":{"line":10,"column":22},"end":{"line":10,"column":38}},"1":{"start":{"line":12,"column":0},"end":{"line":12,"column":28}},"2":{"start":{"line":13,"column":0},"end":{"line":13,"column":32}},"3":{"start":{"line":14,"column":0},"end":{"line":14,"column":32}},"4":{"start":{"line":16,"column":0},"end":{"line":16,"column":66}}},"fnMap":{},"branchMap":{},"s":{"0":5,"1":5,"2":5,"3":5,"4":5},"f":{},"b":{},"_coverageSchema":"1a1c01bbd47fc00a2c39e90264f33305004495a9","hash":"c605d188cb804f302f3552855024a520b652bf5a"}
,"/Users/redcartel/code/JavaScriptProject/node-express-starter-2022/src/routes/root.js": {"path":"/Users/redcartel/code/JavaScriptProject/node-express-starter-2022/src/routes/root.js","statementMap":{"0":{"start":{"line":5,"column":13},"end":{"line":5,"column":29}},"1":{"start":{"line":7,"column":0},"end":{"line":7,"column":22}},"2":{"start":{"line":8,"column":0},"end":{"line":8,"column":24}}},"fnMap":{},"branchMap":{},"s":{"0":5,"1":5,"2":5},"f":{},"b":{},"_coverageSchema":"1a1c01bbd47fc00a2c39e90264f33305004495a9","hash":"80dfcde50394475ba37b6552b482df05daf33db5"}
,"/Users/redcartel/code/JavaScriptProject/node-express-starter-2022/src/routes/user.js": {"path":"/Users/redcartel/code/JavaScriptProject/node-express-starter-2022/src/routes/user.js","statementMap":{"0":{"start":{"line":10,"column":13},"end":{"line":10,"column":29}},"1":{"start":{"line":12,"column":0},"end":{"line":16,"column":13}},"2":{"start":{"line":18,"column":0},"end":{"line":21,"column":1}},"3":{"start":{"line":23,"column":0},"end":{"line":25,"column":1}}},"fnMap":{},"branchMap":{},"s":{"0":5,"1":5,"2":5,"3":5},"f":{},"b":{},"_coverageSchema":"1a1c01bbd47fc00a2c39e90264f33305004495a9","hash":"e979db7486810d4c4d2c078d36f0564f8145139a"}
,"/Users/redcartel/code/JavaScriptProject/node-express-starter-2022/src/services/siteDataService.js": {"path":"/Users/redcartel/code/JavaScriptProject/node-express-starter-2022/src/services/siteDataService.js","statementMap":{"0":{"start":{"line":2,"column":18},"end":{"line":5,"column":1}},"1":{"start":{"line":11,"column":27},"end":{"line":13,"column":1}},"2":{"start":{"line":12,"column":4},"end":{"line":12,"column":20}},"3":{"start":{"line":19,"column":27},"end":{"line":23,"column":1}},"4":{"start":{"line":20,"column":4},"end":{"line":20,"column":67}},"5":{"start":{"line":22,"column":4},"end":{"line":22,"column":91}},"6":{"start":{"line":25,"column":19},"end":{"line":27,"column":1}},"7":{"start":{"line":33,"column":33},"end":{"line":35,"column":1}},"8":{"start":{"line":34,"column":4},"end":{"line":34,"column":27}},"9":{"start":{"line":40,"column":39},"end":{"line":42,"column":1}},"10":{"start":{"line":41,"column":4},"end":{"line":41,"column":22}}},"fnMap":{"0":{"name":"(anonymous_0)","decl":{"start":{"line":11,"column":27},"end":{"line":11,"column":28}},"loc":{"start":{"line":11,"column":33},"end":{"line":13,"column":1}},"line":11},"1":{"name":"(anonymous_1)","decl":{"start":{"line":19,"column":27},"end":{"line":19,"column":28}},"loc":{"start":{"line":19,"column":53},"end":{"line":23,"column":1}},"line":19},"2":{"name":"(anonymous_2)","decl":{"start":{"line":33,"column":33},"end":{"line":33,"column":34}},"loc":{"start":{"line":33,"column":39},"end":{"line":35,"column":1}},"line":33},"3":{"name":"(anonymous_3)","decl":{"start":{"line":40,"column":39},"end":{"line":40,"column":40}},"loc":{"start":{"line":40,"column":45},"end":{"line":42,"column":1}},"line":40}},"branchMap":{"0":{"loc":{"start":{"line":20,"column":22},"end":{"line":20,"column":67}},"type":"cond-expr","locations":[{"start":{"line":20,"column":44},"end":{"line":20,"column":59}},{"start":{"line":20,"column":62},"end":{"line":20,"column":67}}],"line":20},"1":{"loc":{"start":{"line":22,"column":28},"end":{"line":22,"column":91}},"type":"cond-expr","locations":[{"start":{"line":22,"column":56},"end":{"line":22,"column":77}},{"start":{"line":22,"column":80},"end":{"line":22,"column":91}}],"line":22}},"s":{"0":5,"1":5,"2":4,"3":5,"4":3,"5":3,"6":5,"7":5,"8":2,"9":5,"10":1},"f":{"0":4,"1":3,"2":2,"3":1},"b":{"0":[1,2],"1":[1,2]},"_coverageSchema":"1a1c01bbd47fc00a2c39e90264f33305004495a9","hash":"ea463cdb0811337da460874ec5bfeb712a93346b"}
,"/Users/redcartel/code/JavaScriptProject/node-express-starter-2022/src/utils/logger.js": {"path":"/Users/redcartel/code/JavaScriptProject/node-express-starter-2022/src/utils/logger.js","statementMap":{"0":{"start":{"line":4,"column":15},"end":{"line":14,"column":3}},"1":{"start":{"line":9,"column":4},"end":{"line":12,"column":5}},"2":{"start":{"line":11,"column":8},"end":{"line":11,"column":62}},"3":{"start":{"line":13,"column":4},"end":{"line":13,"column":47}},"4":{"start":{"line":16,"column":13},"end":{"line":38,"column":2}}},"fnMap":{"0":{"name":"(anonymous_0)","decl":{"start":{"line":8,"column":30},"end":{"line":8,"column":31}},"loc":{"start":{"line":8,"column":72},"end":{"line":14,"column":1}},"line":8}},"branchMap":{"0":{"loc":{"start":{"line":9,"column":4},"end":{"line":12,"column":5}},"type":"if","locations":[{"start":{"line":9,"column":4},"end":{"line":12,"column":5}},{"start":{},"end":{}}],"line":9}},"s":{"0":5,"1":49,"2":1,"3":48,"4":5},"f":{"0":49},"b":{"0":[1,48]},"_coverageSchema":"1a1c01bbd47fc00a2c39e90264f33305004495a9","hash":"177eb00aecf53fb6c3a2c0840284400eb87d804d"}
,"/Users/redcartel/code/JavaScriptProject/node-express-starter-2022/src/utils/wrapAsync.js": {"path":"/Users/redcartel/code/JavaScriptProject/node-express-starter-2022/src/utils/wrapAsync.js","statementMap":{"0":{"start":{"line":15,"column":18},"end":{"line":24,"column":1}},"1":{"start":{"line":16,"column":4},"end":{"line":23,"column":5}},"2":{"start":{"line":17,"column":8},"end":{"line":22,"column":10}},"3":{"start":{"line":18,"column":12},"end":{"line":18,"column":46}},"4":{"start":{"line":19,"column":12},"end":{"line":19,"column":28}}},"fnMap":{"0":{"name":"(anonymous_0)","decl":{"start":{"line":15,"column":18},"end":{"line":15,"column":19}},"loc":{"start":{"line":15,"column":34},"end":{"line":24,"column":1}},"line":15},"1":{"name":"(anonymous_1)","decl":{"start":{"line":16,"column":11},"end":{"line":16,"column":12}},"loc":{"start":{"line":16,"column":31},"end":{"line":23,"column":5}},"line":16},"2":{"name":"(anonymous_2)","decl":{"start":{"line":17,"column":41},"end":{"line":17,"column":42}},"loc":{"start":{"line":17,"column":46},"end":{"line":22,"column":9}},"line":17}},"branchMap":{},"s":{"0":5,"1":5,"2":1,"3":1,"4":1},"f":{"0":5,"1":1,"2":1},"b":{},"_coverageSchema":"1a1c01bbd47fc00a2c39e90264f33305004495a9","hash":"753fb0afa3936bb4a80854e4244e80c902e84f3f"}
}
