TN:
SF:src/controllers/csrf/getCSRF.js
FN:8,(anonymous_0)
FNF:1
FNH:1
FNDA:9,(anonymous_0)
DA:8,5
DA:13,9
DA:16,9
LF:3
LH:3
BRF:0
BRH:0
end_of_record
TN:
SF:src/controllers/errors/getError.js
FN:8,(anonymous_0)
FNF:1
FNH:1
FNDA:1,(anonymous_0)
DA:8,5
DA:9,1
DA:10,1
LF:3
LH:3
BRF:0
BRH:0
end_of_record
TN:
SF:src/controllers/errors/getRejection.js
FN:8,(anonymous_0)
FN:10,(anonymous_1)
FNF:2
FNH:2
FNDA:1,(anonymous_0)
FNDA:1,(anonymous_1)
DA:8,5
DA:9,1
DA:10,1
DA:11,1
LF:4
LH:4
BRF:0
BRH:0
end_of_record
TN:
SF:src/controllers/root/getRoot.js
FN:8,(anonymous_0)
FNF:1
FNH:1
FNDA:1,(anonymous_0)
DA:8,5
DA:9,1
LF:2
LH:2
BRF:0
BRH:0
end_of_record
TN:
SF:src/controllers/root/postRoot.js
FN:6,(anonymous_0)
FNF:1
FNH:1
FNDA:1,(anonymous_0)
DA:6,5
DA:7,1
DA:8,1
LF:3
LH:3
BRF:0
BRH:0
end_of_record
TN:
SF:src/controllers/siteData/getCount.js
FN:8,(anonymous_0)
FNF:1
FNH:1
FNDA:1,(anonymous_0)
DA:8,5
DA:9,1
LF:2
LH:2
BRF:0
BRH:0
end_of_record
TN:
SF:src/controllers/siteData/getSiteData.js
FN:8,(anonymous_0)
FNF:1
FNH:1
FNDA:1,(anonymous_0)
DA:8,5
DA:9,1
LF:2
LH:2
BRF:0
BRH:0
end_of_record
TN:
SF:src/controllers/siteData/postCount.js
FN:8,(anonymous_0)
FNF:1
FNH:1
FNDA:2,(anonymous_0)
DA:8,5
DA:9,2
DA:10,2
DA:11,1
DA:13,1
DA:14,1
LF:6
LH:6
BRDA:10,0,0,1
BRDA:10,0,1,1
BRF:2
BRH:2
end_of_record
TN:
SF:src/controllers/siteData/postSiteData.js
FN:9,(anonymous_0)
FNF:1
FNH:1
FNDA:3,(anonymous_0)
DA:9,5
DA:10,3
DA:14,3
DA:15,3
LF:4
LH:4
BRF:0
BRH:0
end_of_record
TN:
SF:src/controllers/user/getLogout.js
FN:9,(anonymous_0)
FNF:1
FNH:1
FNDA:1,(anonymous_0)
DA:9,5
DA:10,1
DA:15,1
LF:3
LH:3
BRF:0
BRH:0
end_of_record
TN:
SF:src/controllers/user/getUser.js
FN:7,(anonymous_0)
FNF:1
FNH:1
FNDA:2,(anonymous_0)
DA:7,5
DA:8,2
LF:2
LH:2
BRF:0
BRH:0
end_of_record
TN:
SF:src/controllers/user/postUser.js
FN:10,(anonymous_0)
FNF:1
FNH:1
FNDA:5,(anonymous_0)
DA:10,5
DA:12,5
DA:17,5
DA:18,1
DA:21,4
DA:22,2
DA:27,2
DA:30,2
DA:36,2
LF:9
LH:9
BRDA:17,0,0,1
BRDA:17,0,1,4
BRDA:17,1,0,5
BRDA:17,1,1,5
BRDA:21,2,0,2
BRDA:21,2,1,2
BRDA:21,3,0,4
BRDA:21,3,1,4
BRDA:21,3,2,3
BRDA:21,3,3,3
BRF:10
BRH:10
end_of_record
TN:
SF:src/middleware/withAuth.js
FN:16,(anonymous_0)
FN:17,(anonymous_1)
FNF:2
FNH:2
FNDA:10,(anonymous_0)
FNDA:11,(anonymous_1)
DA:16,5
DA:17,10
DA:18,11
DA:19,11
DA:23,11
DA:29,6
DA:30,6
DA:33,11
DA:34,5
DA:37,6
DA:38,6
LF:11
LH:11
BRDA:23,0,0,6
BRDA:23,0,1,5
BRDA:23,1,0,11
BRDA:23,1,1,11
BRDA:23,1,2,7
BRDA:23,1,3,7
BRDA:23,1,4,6
BRDA:23,1,5,1
BRDA:33,2,0,5
BRDA:33,2,1,6
BRDA:33,3,0,11
BRDA:33,3,1,11
BRF:12
BRH:12
end_of_record
TN:
SF:src/routes/data.js
FNF:0
FNH:0
DA:11,5
DA:13,5
DA:15,5
DA:22,5
DA:24,5
LF:5
LH:5
BRF:0
BRH:0
end_of_record
TN:
SF:src/routes/errors.js
FNF:0
FNH:0
DA:6,5
DA:7,5
DA:8,5
LF:3
LH:3
BRF:0
BRH:0
end_of_record
TN:
SF:src/routes/primaryRouter.js
FNF:0
FNH:0
DA:10,5
DA:12,5
DA:13,5
DA:14,5
DA:16,5
LF:5
LH:5
BRF:0
BRH:0
end_of_record
TN:
SF:src/routes/root.js
FNF:0
FNH:0
DA:5,5
DA:7,5
DA:8,5
LF:3
LH:3
BRF:0
BRH:0
end_of_record
TN:
SF:src/routes/user.js
FNF:0
FNH:0
DA:8,5
DA:10,5
DA:15,5
DA:20,5
LF:4
LH:4
BRF:0
BRH:0
end_of_record
TN:
SF:src/services/siteDataService.js
FN:6,(anonymous_0)
FN:10,(anonymous_1)
FN:20,(anonymous_2)
FN:24,(anonymous_3)
FNF:4
FNH:4
FNDA:4,(anonymous_0)
FNDA:3,(anonymous_1)
FNDA:2,(anonymous_2)
FNDA:1,(anonymous_3)
DA:1,5
DA:6,5
DA:7,4
DA:10,5
DA:11,3
DA:13,3
DA:16,5
DA:20,5
DA:21,2
DA:24,5
DA:25,1
LF:11
LH:11
BRDA:11,0,0,1
BRDA:11,0,1,2
BRDA:13,1,0,1
BRDA:13,1,1,2
BRF:4
BRH:4
end_of_record
TN:
SF:src/utils/logger.js
FN:8,(anonymous_0)
FNF:1
FNH:1
FNDA:45,(anonymous_0)
DA:4,5
DA:9,45
DA:11,1
DA:13,44
DA:16,5
LF:5
LH:5
BRDA:9,0,0,1
BRDA:9,0,1,44
BRF:2
BRH:2
end_of_record
TN:
SF:src/utils/wrapAsync.js
FN:15,(anonymous_0)
FN:16,(anonymous_1)
FN:17,(anonymous_2)
FNF:3
FNH:3
FNDA:5,(anonymous_0)
FNDA:1,(anonymous_1)
FNDA:1,(anonymous_2)
DA:15,5
DA:16,5
DA:17,1
DA:18,1
DA:19,1
LF:5
LH:5
BRF:0
BRH:0
end_of_record
