TN:
SF:src/controllers/csrf/getCSRF.js
FN:6,(anonymous_0)
FNF:1
FNH:1
FNDA:13,(anonymous_0)
DA:6,5
DA:7,13
DA:8,13
LF:3
LH:3
BRF:0
BRH:0
end_of_record
TN:
SF:src/controllers/errors/getError.js
FN:8,(anonymous_0)
FNF:1
FNH:1
FNDA:1,(anonymous_0)
DA:8,5
DA:9,1
DA:10,1
LF:3
LH:3
BRF:0
BRH:0
end_of_record
TN:
SF:src/controllers/errors/getRejection.js
FN:8,(anonymous_0)
FN:10,(anonymous_1)
FNF:2
FNH:2
FNDA:1,(anonymous_0)
FNDA:1,(anonymous_1)
DA:8,5
DA:9,1
DA:10,1
DA:11,1
LF:4
LH:4
BRF:0
BRH:0
end_of_record
TN:
SF:src/controllers/root/getRoot.js
FN:8,(anonymous_0)
FNF:1
FNH:1
FNDA:1,(anonymous_0)
DA:8,5
DA:9,1
LF:2
LH:2
BRF:0
BRH:0
end_of_record
TN:
SF:src/controllers/root/postRoot.js
FN:6,(anonymous_0)
FNF:1
FNH:1
FNDA:1,(anonymous_0)
DA:6,5
DA:7,1
DA:8,1
LF:3
LH:3
BRF:0
BRH:0
end_of_record
TN:
SF:src/controllers/siteData/getCount.js
FN:8,(anonymous_0)
FNF:1
FNH:1
FNDA:1,(anonymous_0)
DA:8,5
DA:9,1
LF:2
LH:2
BRF:0
BRH:0
end_of_record
TN:
SF:src/controllers/siteData/getSiteData.js
FN:8,(anonymous_0)
FNF:1
FNH:1
FNDA:1,(anonymous_0)
DA:8,5
DA:9,1
LF:2
LH:2
BRF:0
BRH:0
end_of_record
TN:
SF:src/controllers/siteData/postCount.js
FN:8,(anonymous_0)
FNF:1
FNH:1
FNDA:2,(anonymous_0)
DA:8,5
DA:9,2
DA:10,2
DA:11,1
DA:13,1
DA:14,1
LF:6
LH:6
BRDA:10,0,0,1
BRDA:10,0,1,1
BRF:2
BRH:2
end_of_record
TN:
SF:src/controllers/siteData/postSiteData.js
FN:9,(anonymous_0)
FNF:1
FNH:1
FNDA:3,(anonymous_0)
DA:9,5
DA:10,3
DA:14,3
DA:15,3
LF:4
LH:4
BRF:0
BRH:0
end_of_record
TN:
SF:src/controllers/user/getLogout.js
FN:8,(anonymous_0)
FNF:1
FNH:1
FNDA:1,(anonymous_0)
DA:8,5
DA:9,1
DA:13,1
LF:3
LH:3
BRF:0
BRH:0
end_of_record
TN:
SF:src/controllers/user/getUser.js
FN:6,(anonymous_0)
FNF:1
FNH:1
FNDA:2,(anonymous_0)
DA:6,5
DA:7,2
LF:2
LH:2
BRF:0
BRH:0
end_of_record
TN:
SF:src/controllers/user/postUser.js
FN:10,(anonymous_0)
FNF:1
FNH:1
FNDA:4,(anonymous_0)
DA:10,5
DA:11,4
DA:16,4
DA:17,1
DA:20,3
DA:21,2
DA:25,2
DA:28,1
DA:33,1
LF:9
LH:9
BRDA:16,0,0,1
BRDA:16,0,1,3
BRDA:16,1,0,4
BRDA:16,1,1,4
BRDA:20,2,0,2
BRDA:20,2,1,1
BRDA:20,3,0,3
BRDA:20,3,1,3
BRDA:20,3,2,2
BRDA:20,3,3,2
BRF:10
BRH:10
end_of_record
TN:
SF:src/middleware/withAuth.js
FN:17,(anonymous_0)
FN:18,(anonymous_1)
FNF:2
FNH:2
FNDA:10,(anonymous_0)
FNDA:11,(anonymous_1)
DA:17,5
DA:18,10
DA:19,11
DA:20,11
DA:24,11
DA:30,6
DA:31,6
DA:34,11
DA:35,5
DA:38,6
DA:39,6
LF:11
LH:11
BRDA:24,0,0,6
BRDA:24,0,1,5
BRDA:24,1,0,11
BRDA:24,1,1,11
BRDA:24,1,2,7
BRDA:24,1,3,7
BRDA:24,1,4,6
BRDA:24,1,5,1
BRDA:34,2,0,5
BRDA:34,2,1,6
BRDA:34,3,0,11
BRDA:34,3,1,11
BRF:12
BRH:12
end_of_record
TN:
SF:src/routes/data.js
FNF:0
FNH:0
DA:11,5
DA:13,5
DA:15,5
DA:22,5
DA:24,5
LF:5
LH:5
BRF:0
BRH:0
end_of_record
TN:
SF:src/routes/errors.js
FNF:0
FNH:0
DA:6,5
DA:7,5
DA:8,5
LF:3
LH:3
BRF:0
BRH:0
end_of_record
TN:
SF:src/routes/primaryRouter.js
FNF:0
FNH:0
DA:10,5
DA:12,5
DA:13,5
DA:14,5
DA:16,5
LF:5
LH:5
BRF:0
BRH:0
end_of_record
TN:
SF:src/routes/root.js
FNF:0
FNH:0
DA:5,5
DA:7,5
DA:8,5
LF:3
LH:3
BRF:0
BRH:0
end_of_record
TN:
SF:src/routes/user.js
FNF:0
FNH:0
DA:10,5
DA:12,5
DA:18,5
DA:23,5
LF:4
LH:4
BRF:0
BRH:0
end_of_record
TN:
SF:src/services/siteDataService.js
FN:11,(anonymous_0)
FN:19,(anonymous_1)
FN:33,(anonymous_2)
FN:40,(anonymous_3)
FNF:4
FNH:4
FNDA:4,(anonymous_0)
FNDA:3,(anonymous_1)
FNDA:2,(anonymous_2)
FNDA:1,(anonymous_3)
DA:2,5
DA:11,5
DA:12,4
DA:19,5
DA:20,3
DA:22,3
DA:25,5
DA:33,5
DA:34,2
DA:40,5
DA:41,1
LF:11
LH:11
BRDA:20,0,0,1
BRDA:20,0,1,2
BRDA:22,1,0,1
BRDA:22,1,1,2
BRF:4
BRH:4
end_of_record
TN:
SF:src/utils/logger.js
FN:8,(anonymous_0)
FNF:1
FNH:1
FNDA:49,(anonymous_0)
DA:4,5
DA:9,49
DA:11,1
DA:13,48
DA:16,5
LF:5
LH:5
BRDA:9,0,0,1
BRDA:9,0,1,48
BRF:2
BRH:2
end_of_record
TN:
SF:src/utils/wrapAsync.js
FN:15,(anonymous_0)
FN:16,(anonymous_1)
FN:17,(anonymous_2)
FNF:3
FNH:3
FNDA:5,(anonymous_0)
FNDA:1,(anonymous_1)
FNDA:1,(anonymous_2)
DA:15,5
DA:16,5
DA:17,1
DA:18,1
DA:19,1
LF:5
LH:5
BRF:0
BRH:0
end_of_record
